[20:23:31] [Server thread/INFO]: Starting minecraft server version 1.11.2
[20:23:32] [Server thread/INFO]: Loading properties
[20:23:32] [Server thread/INFO]: Default game type: SURVIVAL
[20:23:32] [Server thread/INFO]: Generating keypair
[20:23:32] [Server thread/INFO]: Starting Minecraft server on *:25565
[20:23:32] [Server thread/INFO]: Using default channel type
[20:23:32] [Server thread/INFO]: This server is running CraftBukkit version git-Bukkit-dfe4ed1 (MC: 1.11.2) (Implementing API version 1.11.2-R0.1-SNAPSHOT)
[20:23:32] [Server thread/ERROR]: Could not load 'plugins\ChestShop.jar' in folder 'plugins'
org.bukkit.plugin.UnknownDependencyException: Vault
	at org.bukkit.plugin.SimplePluginManager.loadPlugins(SimplePluginManager.java:219) [craftbukkit.jar:git-Bukkit-dfe4ed1]
	at org.bukkit.craftbukkit.v1_11_R1.CraftServer.loadPlugins(CraftServer.java:298) [craftbukkit.jar:git-Bukkit-dfe4ed1]
	at org.bukkit.craftbukkit.v1_11_R1.CraftServer.<init>(CraftServer.java:260) [craftbukkit.jar:git-Bukkit-dfe4ed1]
	at net.minecraft.server.v1_11_R1.PlayerList.<init>(PlayerList.java:73) [craftbukkit.jar:git-Bukkit-dfe4ed1]
	at net.minecraft.server.v1_11_R1.DedicatedPlayerList.<init>(SourceFile:14) [craftbukkit.jar:git-Bukkit-dfe4ed1]
	at net.minecraft.server.v1_11_R1.DedicatedServer.init(DedicatedServer.java:185) [craftbukkit.jar:git-Bukkit-dfe4ed1]
	at net.minecraft.server.v1_11_R1.MinecraftServer.run(MinecraftServer.java:521) [craftbukkit.jar:git-Bukkit-dfe4ed1]
	at java.lang.Thread.run(Unknown Source) [?:1.8.0_121]
[20:23:32] [Server thread/INFO]: [PermissionsEx] Loading PermissionsEx v1.23.4
[20:23:32] [Server thread/WARN]: [PermissionsEx] This server is in offline mode. Unless this server is configured to integrate with a supported proxy (see http://dft.ba/-8ous), UUIDs *may not be stable*!
[20:23:32] [Server thread/INFO]: [WorldEdit] Loading WorldEdit v6.1.5;4651611
[20:23:32] [Server thread/INFO]: [WorldGuard] Loading WorldGuard v6.1.3-SNAPSHOT;c904242
[20:23:32] [Server thread/WARN]: **** SERVER IS RUNNING IN OFFLINE/INSECURE MODE!
[20:23:32] [Server thread/WARN]: The server will make no attempt to authenticate usernames. Beware.
[20:23:32] [Server thread/WARN]: While this makes the game possible to play without internet access, it also opens up the ability for hackers to connect with any username they choose.
[20:23:32] [Server thread/WARN]: To change this, set "online-mode" to "true" in the server.properties file.
[20:23:32] [Server thread/INFO]: Preparing level "world"
[20:23:32] [Server thread/INFO]: Preparing start region for level 0 (Seed: 69160882195)
[20:23:33] [Server thread/INFO]: Preparing spawn area: 24%
[20:23:34] [Server thread/INFO]: Preparing spawn area: 71%
[20:23:35] [Server thread/INFO]: Preparing start region for level 1 (Seed: 1227004271191575186)
[20:23:36] [Server thread/INFO]: Preparing spawn area: 48%
[20:23:37] [Server thread/INFO]: Preparing start region for level 2 (Seed: 1227004271191575186)
[20:23:37] [Server thread/INFO]: [PermissionsEx] Enabling PermissionsEx v1.23.4
[20:23:37] [Server thread/INFO]: [PermissionsEx] Initializing file backend
[20:23:37] [Server thread/INFO]: [PermissionsEx] Permissions file successfully reloaded
[20:23:37] [Server thread/INFO]: [WorldEdit] Enabling WorldEdit v6.1.5;4651611
[20:23:37] [Server thread/INFO]: WEPIF: PermissionsEx detected! Using PermissionsEx for permissions.
[20:23:37] [Server thread/INFO]: [WorldEdit] Using com.sk89q.worldedit.bukkit.adapter.impl.Spigot_v1_11_R1 as the Bukkit adapter
[20:23:37] [Server thread/INFO]: [WorldGuard] Enabling WorldGuard v6.1.3-SNAPSHOT;c904242
[20:23:37] [Server thread/INFO]: [WorldGuard] (world) TNT ignition is PERMITTED.
[20:23:37] [Server thread/INFO]: [WorldGuard] (world) Lighters are PERMITTED.
[20:23:37] [Server thread/INFO]: [WorldGuard] (world) Lava fire is blocked.
[20:23:37] [Server thread/INFO]: [WorldGuard] (world) Fire spread is UNRESTRICTED.
[20:23:37] [Server thread/INFO]: [WorldGuard] Loaded configuration for world 'world'
[20:23:37] [Server thread/INFO]: [WorldGuard] (world_nether) TNT ignition is PERMITTED.
[20:23:37] [Server thread/INFO]: [WorldGuard] (world_nether) Lighters are PERMITTED.
[20:23:37] [Server thread/INFO]: [WorldGuard] (world_nether) Lava fire is blocked.
[20:23:37] [Server thread/INFO]: [WorldGuard] (world_nether) Fire spread is UNRESTRICTED.
[20:23:37] [Server thread/INFO]: [WorldGuard] Loaded configuration for world 'world_nether'
[20:23:37] [Server thread/INFO]: [WorldGuard] (world_the_end) TNT ignition is PERMITTED.
[20:23:37] [Server thread/INFO]: [WorldGuard] (world_the_end) Lighters are PERMITTED.
[20:23:37] [Server thread/INFO]: [WorldGuard] (world_the_end) Lava fire is blocked.
[20:23:37] [Server thread/INFO]: [WorldGuard] (world_the_end) Fire spread is UNRESTRICTED.
[20:23:37] [Server thread/INFO]: [WorldGuard] Loaded configuration for world 'world_the_end'
[20:23:37] [Server thread/INFO]: [WorldGuard] Loading region data...
[20:23:37] [Server thread/INFO]: Server permissions file permissions.yml is empty, ignoring it
[20:23:37] [Server thread/INFO]: Done (5,453s)! For help, type "help" or "?"
