[20:37:28] [Server thread/INFO]: Starting minecraft server version 1.11.2
[20:37:28] [Server thread/INFO]: Loading properties
[20:37:28] [Server thread/INFO]: Default game type: SURVIVAL
[20:37:28] [Server thread/INFO]: Generating keypair
[20:37:28] [Server thread/INFO]: Starting Minecraft server on *:25565
[20:37:28] [Server thread/INFO]: Using default channel type
[20:37:28] [Server thread/INFO]: This server is running CraftBukkit version git-Bukkit-dfe4ed1 (MC: 1.11.2) (Implementing API version 1.11.2-R0.1-SNAPSHOT)
[20:37:28] [Server thread/ERROR]: Could not load 'plugins\ChestShop.jar' in folder 'plugins'
org.bukkit.plugin.UnknownDependencyException: Vault
	at org.bukkit.plugin.SimplePluginManager.loadPlugins(SimplePluginManager.java:219) [craftbukkit.jar:git-Bukkit-dfe4ed1]
	at org.bukkit.craftbukkit.v1_11_R1.CraftServer.loadPlugins(CraftServer.java:298) [craftbukkit.jar:git-Bukkit-dfe4ed1]
	at org.bukkit.craftbukkit.v1_11_R1.CraftServer.<init>(CraftServer.java:260) [craftbukkit.jar:git-Bukkit-dfe4ed1]
	at net.minecraft.server.v1_11_R1.PlayerList.<init>(PlayerList.java:73) [craftbukkit.jar:git-Bukkit-dfe4ed1]
	at net.minecraft.server.v1_11_R1.DedicatedPlayerList.<init>(SourceFile:14) [craftbukkit.jar:git-Bukkit-dfe4ed1]
	at net.minecraft.server.v1_11_R1.DedicatedServer.init(DedicatedServer.java:185) [craftbukkit.jar:git-Bukkit-dfe4ed1]
	at net.minecraft.server.v1_11_R1.MinecraftServer.run(MinecraftServer.java:521) [craftbukkit.jar:git-Bukkit-dfe4ed1]
	at java.lang.Thread.run(Unknown Source) [?:1.8.0_121]
[20:37:28] [Server thread/INFO]: [PermissionsEx] Loading PermissionsEx v1.23.4
[20:37:28] [Server thread/WARN]: [PermissionsEx] This server is in offline mode. Unless this server is configured to integrate with a supported proxy (see http://dft.ba/-8ous), UUIDs *may not be stable*!
[20:37:28] [Server thread/INFO]: [WorldEdit] Loading WorldEdit v6.1.5;4651611
[20:37:28] [Server thread/INFO]: [WorldGuard] Loading WorldGuard v6.1.3-SNAPSHOT;c904242
[20:37:28] [Server thread/WARN]: **** SERVER IS RUNNING IN OFFLINE/INSECURE MODE!
[20:37:28] [Server thread/WARN]: The server will make no attempt to authenticate usernames. Beware.
[20:37:28] [Server thread/WARN]: While this makes the game possible to play without internet access, it also opens up the ability for hackers to connect with any username they choose.
[20:37:28] [Server thread/WARN]: To change this, set "online-mode" to "true" in the server.properties file.
[20:37:28] [Server thread/INFO]: Preparing level "world"
[20:37:28] [Server thread/INFO]: Preparing start region for level 0 (Seed: 69160882195)
[20:37:29] [Server thread/INFO]: Preparing spawn area: 24%
[20:37:30] [Server thread/INFO]: Preparing spawn area: 72%
[20:37:31] [Server thread/INFO]: Preparing start region for level 1 (Seed: 1227004271191575186)
[20:37:32] [Server thread/INFO]: Preparing spawn area: 49%
[20:37:33] [Server thread/INFO]: Preparing start region for level 2 (Seed: 1227004271191575186)
[20:37:33] [Server thread/INFO]: [PermissionsEx] Enabling PermissionsEx v1.23.4
[20:37:33] [Server thread/INFO]: [PermissionsEx] Initializing file backend
[20:37:33] [Server thread/INFO]: [PermissionsEx] Permissions file successfully reloaded
[20:37:33] [Server thread/INFO]: [WorldEdit] Enabling WorldEdit v6.1.5;4651611
[20:37:33] [Server thread/INFO]: WEPIF: PermissionsEx detected! Using PermissionsEx for permissions.
[20:37:33] [Server thread/INFO]: [WorldEdit] Using com.sk89q.worldedit.bukkit.adapter.impl.Spigot_v1_11_R1 as the Bukkit adapter
[20:37:33] [Server thread/INFO]: [WorldGuard] Enabling WorldGuard v6.1.3-SNAPSHOT;c904242
[20:37:34] [Server thread/INFO]: [WorldGuard] (world) TNT ignition is PERMITTED.
[20:37:34] [Server thread/INFO]: [WorldGuard] (world) Lighters are PERMITTED.
[20:37:34] [Server thread/INFO]: [WorldGuard] (world) Lava fire is blocked.
[20:37:34] [Server thread/INFO]: [WorldGuard] (world) Fire spread is UNRESTRICTED.
[20:37:34] [Server thread/INFO]: [WorldGuard] Loaded configuration for world 'world'
[20:37:34] [Server thread/INFO]: [WorldGuard] (world_nether) TNT ignition is PERMITTED.
[20:37:34] [Server thread/INFO]: [WorldGuard] (world_nether) Lighters are PERMITTED.
[20:37:34] [Server thread/INFO]: [WorldGuard] (world_nether) Lava fire is blocked.
[20:37:34] [Server thread/INFO]: [WorldGuard] (world_nether) Fire spread is UNRESTRICTED.
[20:37:34] [Server thread/INFO]: [WorldGuard] Loaded configuration for world 'world_nether'
[20:37:34] [Server thread/INFO]: [WorldGuard] (world_the_end) TNT ignition is PERMITTED.
[20:37:34] [Server thread/INFO]: [WorldGuard] (world_the_end) Lighters are PERMITTED.
[20:37:34] [Server thread/INFO]: [WorldGuard] (world_the_end) Lava fire is blocked.
[20:37:34] [Server thread/INFO]: [WorldGuard] (world_the_end) Fire spread is UNRESTRICTED.
[20:37:34] [Server thread/INFO]: [WorldGuard] Loaded configuration for world 'world_the_end'
[20:37:34] [Server thread/INFO]: [WorldGuard] Loading region data...
[20:37:34] [Server thread/INFO]: Server permissions file permissions.yml is empty, ignoring it
[20:37:34] [Server thread/INFO]: Done (5,316s)! For help, type "help" or "?"
[20:37:39] [Server thread/INFO]: [0;33;1m--------- [0;37;1mHelp: Index [0;33;1m---------------------------[m
[20:37:39] [Server thread/INFO]: [0;37;22mUse /help [n] to get page n of help.[m
[20:37:39] [Server thread/INFO]: [0;33;22mAliases: [0;37;1mLists command aliases[m
[20:37:39] [Server thread/INFO]: [0;33;22mBukkit: [0;37;1mAll commands for Bukkit[m
[20:37:39] [Server thread/INFO]: [0;33;22mMinecraft: [0;37;1mAll commands for Minecraft[m
[20:37:39] [Server thread/INFO]: [0;33;22mPermissionsEx: [0;37;1mAll commands for PermissionsEx[m
[20:37:39] [Server thread/INFO]: [0;33;22mWorldEdit: [0;37;1mAll commands for WorldEdit[m
[20:37:39] [Server thread/INFO]: [0;33;22mWorldGuard: [0;37;1mAll commands for WorldGuard[m
[20:37:39] [Server thread/INFO]: [0;33;22m/.s: [0;37;1mExecute last CraftScript[m
[20:37:39] [Server thread/INFO]: [0;33;22m//: [0;37;1mToggle the super pickaxe function[m
[20:37:39] [Server thread/INFO]: [0;33;22m//calc: [0;37;1mEvaluate a mathematical expression[m
[20:37:39] [Server thread/INFO]: [0;33;22m//center: [0;37;1mSet the center block(s)[m
[20:37:39] [Server thread/INFO]: [0;33;22m//chunk: [0;37;1mSet the selection to your current chunk.[m
[20:37:39] [Server thread/INFO]: [0;33;22m//clearhistory: [0;37;1mClear your history[m
[20:37:39] [Server thread/INFO]: [0;33;22m//contract: [0;37;1mContract the selection area[m
[20:37:39] [Server thread/INFO]: [0;33;22m//copy: [0;37;1mCopy the selection to the clipboard[m
[20:37:39] [Server thread/INFO]: [0;33;22m//count: [0;37;1mCounts the number of a certain type of block[m
[20:37:39] [Server thread/INFO]: [0;33;22m//curve: [0;37;1mDraws a spline through selected points[m
[20:37:39] [Server thread/INFO]: [0;33;22m//cut: [0;37;1mCut the selection to the clipboard[m
[20:37:39] [Server thread/INFO]: [0;33;22m//cyl: [0;37;1mGenerates a cylinder.[m
[20:37:39] [Server thread/INFO]: [0;33;22m//deform: [0;37;1mDeforms a selected region with an expression[m
[20:37:39] [Server thread/INFO]: [0;33;22m//distr: [0;37;1mGet the distribution of blocks in the selection[m
[20:37:39] [Server thread/INFO]: [0;33;22m//drain: [0;37;1mDrain a pool[m
[20:37:39] [Server thread/INFO]: [0;33;22m//ex: [0;37;1mExtinguish nearby fire[m
[20:37:39] [Server thread/INFO]: [0;33;22m//expand: [0;37;1mExpand the selection area[m
[20:37:39] [Server thread/INFO]: [0;33;22m//faces: [0;37;1mBuild the walls, ceiling, and floor of a selection[m
[20:37:39] [Server thread/INFO]: [0;33;22m//fast: [0;37;1mToggle fast mode[m
[20:37:39] [Server thread/INFO]: [0;33;22m//fill: [0;37;1mFill a hole[m
[20:37:39] [Server thread/INFO]: [0;33;22m//fillr: [0;37;1mFill a hole recursively[m
[20:37:39] [Server thread/INFO]: [0;33;22m//fixlava: [0;37;1mFix lava to be stationary[m
[20:37:39] [Server thread/INFO]: [0;33;22m//fixwater: [0;37;1mFix water to be stationary[m
[20:37:39] [Server thread/INFO]: [0;33;22m//flip: [0;37;1mFlip the contents of the clipboard[m
[20:37:39] [Server thread/INFO]: [0;33;22m//flora: [0;37;1mMake flora within the region[m
[20:37:39] [Server thread/INFO]: [0;33;22m//forest: [0;37;1mMake a forest within the region[m
[20:37:39] [Server thread/INFO]: [0;33;22m//generate: [0;37;1mGenerates a shape according to a formula.[m
[20:37:39] [Server thread/INFO]: [0;33;22m//generatebiome: [0;37;1mSets biome according to a formula.[m
[20:37:39] [Server thread/INFO]: [0;33;22m//gmask: [0;37;1mSet the global mask[m
[20:37:39] [Server thread/INFO]: [0;33;22m//green: [0;37;1mGreens the area[m
[20:37:39] [Server thread/INFO]: [0;33;22m//hcyl: [0;37;1mGenerates a hollow cylinder.[m
[20:37:39] [Server thread/INFO]: [0;33;22m//help: [0;37;1mDisplays help for WorldEdit commands[m
[20:37:39] [Server thread/INFO]: [0;33;22m//hollow: [0;37;1mHollows out the object contained in this selection[m
[20:37:39] [Server thread/INFO]: [0;33;22m//hpos1: [0;37;1mSet position 1 to targeted block[m
[20:37:39] [Server thread/INFO]: [0;33;22m//hpos2: [0;37;1mSet position 2 to targeted block[m
[20:37:39] [Server thread/INFO]: [0;33;22m//hpyramid: [0;37;1mGenerate a hollow pyramid[m
[20:37:39] [Server thread/INFO]: [0;33;22m//hsphere: [0;37;1mGenerates a hollow sphere.[m
[20:37:39] [Server thread/INFO]: [0;33;22m//inset: [0;37;1mInset the selection area[m
[20:37:39] [Server thread/INFO]: [0;33;22m//limit: [0;37;1mModify block change limit[m
[20:37:39] [Server thread/INFO]: [0;33;22m//line: [0;37;1mDraws a line segment between cuboid selection corners[m
[20:37:39] [Server thread/INFO]: [0;33;22m//load: [0;37;1mLoad a schematic into your clipboard[m
[20:37:39] [Server thread/INFO]: [0;33;22m//move: [0;37;1mMove the contents of the selection[m
[20:37:39] [Server thread/INFO]: [0;33;22m//naturalize: [0;37;1m3 layers of dirt on top then rock below[m
[20:37:39] [Server thread/INFO]: [0;33;22m//outset: [0;37;1mOutset the selection area[m
[20:37:39] [Server thread/INFO]: [0;33;22m//overlay: [0;37;1mSet a block on top of blocks in the region[m
[20:37:39] [Server thread/INFO]: [0;33;22m//paste: [0;37;1mPaste the clipboard's contents[m
[20:37:39] [Server thread/INFO]: [0;33;22m//pos1: [0;37;1mSet position 1[m
[20:37:39] [Server thread/INFO]: [0;33;22m//pos2: [0;37;1mSet position 2[m
[20:37:39] [Server thread/INFO]: [0;33;22m//pyramid: [0;37;1mGenerate a filled pyramid[m
[20:37:39] [Server thread/INFO]: [0;33;22m//redo: [0;37;1mRedoes the last action (from history)[m
[20:37:39] [Server thread/INFO]: [0;33;22m//regen: [0;37;1mRegenerates the contents of the selection[m
[20:37:39] [Server thread/INFO]: [0;33;22m//removeabove: [0;37;1mRemove blocks above your head.[m
[20:37:39] [Server thread/INFO]: [0;33;22m//removebelow: [0;37;1mRemove blocks below you.[m
[20:37:39] [Server thread/INFO]: [0;33;22m//removenear: [0;37;1mRemove blocks near you.[m
[20:37:39] [Server thread/INFO]: [0;33;22m//replace: [0;37;1mReplace all blocks in the selection with another[m
[20:37:39] [Server thread/INFO]: [0;33;22m//replacenear: [0;37;1mReplace nearby blocks[m
[20:37:39] [Server thread/INFO]: [0;33;22m//rotate: [0;37;1mRotate the contents of the clipboard[m
[20:37:39] [Server thread/INFO]: [0;33;22m//save: [0;37;1mSave a schematic into your clipboard[m
[20:37:39] [Server thread/INFO]: [0;33;22m//searchitem: [0;37;1mSearch for an item[m
[20:37:39] [Server thread/INFO]: [0;33;22m//sel: [0;37;1mChoose a region selector[m
[20:37:39] [Server thread/INFO]: [0;33;22m//set: [0;37;1mSet all blocks within selection[m
[20:37:39] [Server thread/INFO]: [0;33;22m//setbiome: [0;37;1mSets the biome of the player's current block or region.[m
[20:37:39] [Server thread/INFO]: [0;33;22m//shift: [0;37;1mShift the selection area[m
[20:37:39] [Server thread/INFO]: [0;33;22m//size: [0;37;1mGet information about the selection[m
[20:37:39] [Server thread/INFO]: [0;33;22m//smooth: [0;37;1mSmooth the elevation in the selection[m
[20:37:39] [Server thread/INFO]: [0;33;22m//snow: [0;37;1mSimulates snow[m
[20:37:39] [Server thread/INFO]: [0;33;22m//sphere: [0;37;1mGenerates a filled sphere.[m
[20:37:39] [Server thread/INFO]: [0;33;22m//stack: [0;37;1mRepeat the contents of the selection[m
[20:37:39] [Server thread/INFO]: [0;33;22m//thaw: [0;37;1mThaws the area[m
[20:37:39] [Server thread/INFO]: [0;33;22m//toggleplace: [0;37;1mSwitch between your position and pos1 for placement[m
[20:37:39] [Server thread/INFO]: [0;33;22m//undo: [0;37;1mUndoes the last action[m
[20:37:39] [Server thread/INFO]: [0;33;22m//walls: [0;37;1mBuild the four sides of the selection[m
[20:37:39] [Server thread/INFO]: [0;33;22m//wand: [0;37;1mGet the wand object[m
[20:37:39] [Server thread/INFO]: [0;33;22m/achievement: [0;37;1mA Mojang provided command.[m
[20:37:39] [Server thread/INFO]: [0;33;22m/allowfire: [0;37;1m[<world>] - Allows all fire spread temporarily[m
[20:37:39] [Server thread/INFO]: [0;33;22m/ascend: [0;37;1mGo up a floor[m
[20:37:39] [Server thread/INFO]: [0;33;22m/ban: [0;37;1mA Mojang provided command.[m
[20:37:39] [Server thread/INFO]: [0;33;22m/ban-ip: [0;37;1mA Mojang provided command.[m
[20:37:39] [Server thread/INFO]: [0;33;22m/banlist: [0;37;1mA Mojang provided command.[m
[20:37:39] [Server thread/INFO]: [0;33;22m/biomeinfo: [0;37;1mGet the biome of the targeted block.[m
[20:37:39] [Server thread/INFO]: [0;33;22m/biomelist: [0;37;1mGets all biomes available.[m
[20:37:39] [Server thread/INFO]: [0;33;22m/blockdata: [0;37;1mA Mojang provided command.[m
[20:37:39] [Server thread/INFO]: [0;33;22m/brush: [0;37;1mBrushing commands[m
[20:37:39] [Server thread/INFO]: [0;33;22m/butcher: [0;37;1mKill all or nearby mobs[m
[20:37:39] [Server thread/INFO]: [0;33;22m/ceil: [0;37;1mGo to the celing[m
[20:37:39] [Server thread/INFO]: [0;33;22m/chunkinfo: [0;37;1mGet information about the chunk that you are inside[m
[20:37:39] [Server thread/INFO]: [0;33;22m/clear: [0;37;1mA Mojang provided command.[m
[20:37:39] [Server thread/INFO]: [0;33;22m/clearclipboard: [0;37;1mClear your clipboard[m
[20:37:39] [Server thread/INFO]: [0;33;22m/clone: [0;37;1mA Mojang provided command.[m
[20:37:39] [Server thread/INFO]: [0;33;22m/cs: [0;37;1mExecute a CraftScript[m
[20:37:39] [Server thread/INFO]: [0;33;22m/cycler: [0;37;1mBlock data cycler tool[m
[20:37:39] [Server thread/INFO]: [0;33;22m/debug: [0;37;1mA Mojang provided command.[m
[20:37:39] [Server thread/INFO]: [0;33;22m/defaultgamemode: [0;37;1mA Mojang provided command.[m
[20:37:39] [Server thread/INFO]: [0;33;22m/delchunks: [0;37;1mDelete chunks that your selection includes[m
[20:37:39] [Server thread/INFO]: [0;33;22m/deltree: [0;37;1mFloating tree remover tool[m
[20:37:39] [Server thread/INFO]: [0;33;22m/demote: [0;37;1mPermission ladder demotion command.[m
[20:37:39] [Server thread/INFO]: [0;33;22m/deop: [0;37;1mA Mojang provided command.[m
[20:37:39] [Server thread/INFO]: [0;33;22m/descend: [0;37;1mGo down a floor[m
[20:37:39] [Server thread/INFO]: [0;33;22m/difficulty: [0;37;1mA Mojang provided command.[m
[20:37:39] [Server thread/INFO]: [0;33;22m/effect: [0;37;1mA Mojang provided command.[m
[20:37:39] [Server thread/INFO]: [0;33;22m/enchant: [0;37;1mA Mojang provided command.[m
[20:37:39] [Server thread/INFO]: [0;33;22m/entitydata: [0;37;1mA Mojang provided command.[m
[20:37:39] [Server thread/INFO]: [0;33;22m/execute: [0;37;1mA Mojang provided command.[m
[20:37:39] [Server thread/INFO]: [0;33;22m/farwand: [0;37;1mWand at a distance tool[m
[20:37:39] [Server thread/INFO]: [0;33;22m/fill: [0;37;1mA Mojang provided command.[m
[20:37:39] [Server thread/INFO]: [0;33;22m/floodfill: [0;37;1mFlood fill tool[m
[20:37:39] [Server thread/INFO]: [0;33;22m/forestgen: [0;37;1mGenerate a forest[m
[20:37:39] [Server thread/INFO]: [0;33;22m/gamemode: [0;37;1mA Mojang provided command.[m
[20:37:39] [Server thread/INFO]: [0;33;22m/gamerule: [0;37;1mA Mojang provided command.[m
[20:37:39] [Server thread/INFO]: [0;33;22m/give: [0;37;1mA Mojang provided command.[m
[20:37:39] [Server thread/INFO]: [0;33;22m/halt-activity: [0;37;1mAttempts to cease as much activity in order to stop lag[m
[20:37:39] [Server thread/INFO]: [0;33;22m/help: [0;37;1mShows the help menu[m
[20:37:39] [Server thread/INFO]: [0;33;22m/info: [0;37;1mBlock information tool[m
[20:37:39] [Server thread/INFO]: [0;33;22m/jumpto: [0;37;1mTeleport to a location[m
[20:37:39] [Server thread/INFO]: [0;33;22m/kick: [0;37;1mA Mojang provided command.[m
[20:37:39] [Server thread/INFO]: [0;33;22m/kill: [0;37;1mA Mojang provided command.[m
[20:37:39] [Server thread/INFO]: [0;33;22m/list: [0;37;1mA Mojang provided command.[m
[20:37:39] [Server thread/INFO]: [0;33;22m/listchunks: [0;37;1mList chunks that your selection includes[m
[20:37:39] [Server thread/INFO]: [0;33;22m/locate: [0;37;1mA Mojang provided command.[m
[20:37:39] [Server thread/INFO]: [0;33;22m/lrbuild: [0;37;1mLong-range building tool[m
[20:37:39] [Server thread/INFO]: [0;33;22m/mask: [0;37;1mSet the brush mask[m
[20:37:39] [Server thread/INFO]: [0;33;22m/mat: [0;37;1mSet the brush material[m
[20:37:39] [Server thread/INFO]: [0;33;22m/me: [0;37;1mA Mojang provided command.[m
[20:37:39] [Server thread/INFO]: [0;33;22m/minecraft:help: [0;37;1mA Mojang provided command.[m
[20:37:39] [Server thread/INFO]: [0;33;22m/minecraft:tell: [0;37;1mA Mojang provided command.[m
[20:37:39] [Server thread/INFO]: [0;33;22m/none: [0;37;1mUnbind a bound tool from your current item[m
[20:37:39] [Server thread/INFO]: [0;33;22m/op: [0;37;1mA Mojang provided command.[m
[20:37:39] [Server thread/INFO]: [0;33;22m/pardon: [0;37;1mA Mojang provided command.[m
[20:37:39] [Server thread/INFO]: [0;33;22m/pardon-ip: [0;37;1mA Mojang provided command.[m
[20:37:39] [Server thread/INFO]: [0;33;22m/particle: [0;37;1mA Mojang provided command.[m
[20:37:39] [Server thread/INFO]: [0;33;22m/pex: [0;37;1mProvides access to Permissions commands and information.[m
[20:37:39] [Server thread/INFO]: [0;33;22m/playsound: [0;37;1mA Mojang provided command.[m
[20:37:39] [Server thread/INFO]: [0;33;22m/plugins: [0;37;1mGets a list of plugins running on the server[m
[20:37:39] [Server thread/INFO]: [0;33;22m/promote: [0;37;1mPermission ladder promotion command.[m
[20:37:39] [Server thread/INFO]: [0;33;22m/pumpkins: [0;37;1mGenerate pumpkin patches[m
[20:37:39] [Server thread/INFO]: [0;33;22m/range: [0;37;1mSet the brush range[m
[20:37:39] [Server thread/INFO]: [0;33;22m/region: [0;37;1mRegion management commands[m
[20:37:39] [Server thread/INFO]: [0;33;22m/reload: [0;37;1mReloads the server configuration and plugins[m
[20:37:39] [Server thread/INFO]: [0;33;22m/remove: [0;37;1mRemove all entities of a type[m
[20:37:39] [Server thread/INFO]: [0;33;22m/repl: [0;37;1mBlock replacer tool[m
[20:37:39] [Server thread/INFO]: [0;33;22m/replaceitem: [0;37;1mA Mojang provided command.[m
[20:37:39] [Server thread/INFO]: [0;33;22m/restore: [0;37;1mRestore the selection from a snapshot[m
[20:37:39] [Server thread/INFO]: [0;33;22m/save-all: [0;37;1mA Mojang provided command.[m
[20:37:39] [Server thread/INFO]: [0;33;22m/save-off: [0;37;1mA Mojang provided command.[m
[20:37:39] [Server thread/INFO]: [0;33;22m/save-on: [0;37;1mA Mojang provided command.[m
[20:37:39] [Server thread/INFO]: [0;33;22m/say: [0;37;1mA Mojang provided command.[m
[20:37:39] [Server thread/INFO]: [0;33;22m/schematic: [0;37;1mSchematic commands for saving/loading areas[m
[20:37:39] [Server thread/INFO]: [0;33;22m/scoreboard: [0;37;1mA Mojang provided command.[m
[20:37:39] [Server thread/INFO]: [0;33;22m/seed: [0;37;1mA Mojang provided command.[m
[20:37:39] [Server thread/INFO]: [0;33;22m/setblock: [0;37;1mA Mojang provided command.[m
[20:37:39] [Server thread/INFO]: [0;33;22m/setidletimeout: [0;37;1mA Mojang provided command.[m
[20:37:39] [Server thread/INFO]: [0;33;22m/setworldspawn: [0;37;1mA Mojang provided command.[m
[20:37:39] [Server thread/INFO]: [0;33;22m/size: [0;37;1mSet the brush size[m
[20:37:39] [Server thread/INFO]: [0;33;22m/snapshot: [0;37;1mSchematic commands for saving/loading areas[m
[20:37:39] [Server thread/INFO]: [0;33;22m/spawnpoint: [0;37;1mA Mojang provided command.[m
[20:37:39] [Server thread/INFO]: [0;33;22m/spreadplayers: [0;37;1mA Mojang provided command.[m
[20:37:39] [Server thread/INFO]: [0;33;22m/stats: [0;37;1mA Mojang provided command.[m
[20:37:39] [Server thread/INFO]: [0;33;22m/stop: [0;37;1mA Mojang provided command.[m
[20:37:39] [Server thread/INFO]: [0;33;22m/stopfire: [0;37;1m[<world>] - Disables all fire spread temporarily[m
[20:37:39] [Server thread/INFO]: [0;33;22m/stopsound: [0;37;1mA Mojang provided command.[m
[20:37:39] [Server thread/INFO]: [0;33;22m/summon: [0;37;1mA Mojang provided command.[m
[20:37:39] [Server thread/INFO]: [0;33;22m/superpickaxe: [0;37;1mSuper-pickaxe commands[m
[20:37:39] [Server thread/INFO]: [0;33;22m/teleport: [0;37;1mA Mojang provided command.[m
[20:37:39] [Server thread/INFO]: [0;33;22m/tell: [0;37;1mA Mojang provided command.[m
[20:37:39] [Server thread/INFO]: [0;33;22m/tellraw: [0;37;1mA Mojang provided command.[m
[20:37:39] [Server thread/INFO]: [0;33;22m/testfor: [0;37;1mA Mojang provided command.[m
[20:37:39] [Server thread/INFO]: [0;33;22m/testforblock: [0;37;1mA Mojang provided command.[m
[20:37:39] [Server thread/INFO]: [0;33;22m/testforblocks: [0;37;1mA Mojang provided command.[m
[20:37:39] [Server thread/INFO]: [0;33;22m/thru: [0;37;1mPassthrough walls[m
[20:37:39] [Server thread/INFO]: [0;33;22m/time: [0;37;1mA Mojang provided command.[m
[20:37:39] [Server thread/INFO]: [0;33;22m/timings: [0;37;1mRecords timings for all plugin events[m
[20:37:39] [Server thread/INFO]: [0;33;22m/title: [0;37;1mA Mojang provided command.[m
[20:37:39] [Server thread/INFO]: [0;33;22m/toggledownfall: [0;37;1mA Mojang provided command.[m
[20:37:39] [Server thread/INFO]: [0;33;22m/toggleeditwand: [0;37;1mToggle functionality of the edit wand[m
[20:37:39] [Server thread/INFO]: [0;33;22m/tool: [0;37;1mBind functions to held items[m
[20:37:39] [Server thread/INFO]: [0;33;22m/tp: [0;37;1mA Mojang provided command.[m
[20:37:39] [Server thread/INFO]: [0;33;22m/tree: [0;37;1mTree generator tool[m
[20:37:39] [Server thread/INFO]: [0;33;22m/trigger: [0;37;1mA Mojang provided command.[m
[20:37:39] [Server thread/INFO]: [0;33;22m/unstuck: [0;37;1mEscape from being stuck inside a block[m
[20:37:39] [Server thread/INFO]: [0;33;22m/up: [0;37;1mGo upwards some distance[m
[20:37:39] [Server thread/INFO]: [0;33;22m/version: [0;37;1mGets the version of this server including any plugins in use[m
[20:37:39] [Server thread/INFO]: [0;33;22m/weather: [0;37;1mA Mojang provided command.[m
[20:37:39] [Server thread/INFO]: [0;33;22m/whitelist: [0;37;1mA Mojang provided command.[m
[20:37:39] [Server thread/INFO]: [0;33;22m/worldborder: [0;37;1mA Mojang provided command.[m
[20:37:39] [Server thread/INFO]: [0;33;22m/worldedit: [0;37;1mWorldEdit commands[m
[20:37:39] [Server thread/INFO]: [0;33;22m/worldguard: [0;37;1mWorldGuard commands[m
[20:37:39] [Server thread/INFO]: [0;33;22m/xp: [0;37;1mA Mojang provided command.[m
[20:39:52] [Server thread/INFO]: [Server] hello
[20:41:10] [Server thread/INFO]: Kalimink[/127.0.0.1:55773] logged in with entity id 321 at ([world]-80.65286755238705, 32.2000000476837, 257.72364102119394)
[20:41:15] [Server thread/INFO]: Kalimink lost connection: Disconnected
[20:41:15] [Server thread/INFO]: Kalimink left the game
[20:41:19] [Server thread/INFO]: Kalimink[/127.0.0.1:55777] logged in with entity id 492 at ([world]-80.65286755238705, 32.2000000476837, 257.72364102119394)
[20:42:14] [Server thread/INFO]: Kalimink lost connection: Internal Exception: java.io.IOException: Une connexion existante a dû être fermée par l’hôte distant
[20:42:14] [Server thread/INFO]: Kalimink left the game
[20:44:59] [Server thread/INFO]: Starting minecraft server version 1.11.2
[20:44:59] [Server console handler/ERROR]: Exception handling console input
java.io.IOException: Descripteur non valide
	at java.io.FileInputStream.readBytes(Native Method) ~[?:1.8.0_121]
	at java.io.FileInputStream.read(Unknown Source) ~[?:1.8.0_121]
	at java.io.BufferedInputStream.fill(Unknown Source) ~[?:1.8.0_121]
	at java.io.BufferedInputStream.read(Unknown Source) ~[?:1.8.0_121]
	at org.bukkit.craftbukkit.libs.jline.internal.NonBlockingInputStream.read(NonBlockingInputStream.java:248) ~[craftbukkit.jar:git-Bukkit-dfe4ed1]
	at org.bukkit.craftbukkit.libs.jline.internal.InputStreamReader.read(InputStreamReader.java:261) ~[craftbukkit.jar:git-Bukkit-dfe4ed1]
	at org.bukkit.craftbukkit.libs.jline.internal.InputStreamReader.read(InputStreamReader.java:198) ~[craftbukkit.jar:git-Bukkit-dfe4ed1]
	at org.bukkit.craftbukkit.libs.jline.console.ConsoleReader.readCharacter(ConsoleReader.java:2145) ~[craftbukkit.jar:git-Bukkit-dfe4ed1]
	at org.bukkit.craftbukkit.libs.jline.console.ConsoleReader.readLineSimple(ConsoleReader.java:3183) ~[craftbukkit.jar:git-Bukkit-dfe4ed1]
	at org.bukkit.craftbukkit.libs.jline.console.ConsoleReader.readLine(ConsoleReader.java:2333) ~[craftbukkit.jar:git-Bukkit-dfe4ed1]
	at org.bukkit.craftbukkit.libs.jline.console.ConsoleReader.readLine(ConsoleReader.java:2269) ~[craftbukkit.jar:git-Bukkit-dfe4ed1]
	at org.bukkit.craftbukkit.libs.jline.console.ConsoleReader.readLine(ConsoleReader.java:2257) ~[craftbukkit.jar:git-Bukkit-dfe4ed1]
	at net.minecraft.server.v1_11_R1.DedicatedServer$2.run(DedicatedServer.java:85) [craftbukkit.jar:git-Bukkit-dfe4ed1]
[20:44:59] [Server thread/WARN]: To start the server with more ram, launch it as "java -Xmx1024M -Xms1024M -jar minecraft_server.jar"
[20:44:59] [Server thread/INFO]: Loading properties
[20:44:59] [Server thread/INFO]: Default game type: SURVIVAL
[20:44:59] [Server thread/INFO]: Generating keypair
[20:44:59] [Server thread/INFO]: Starting Minecraft server on 83.201.36.28:25565
[20:44:59] [Server thread/INFO]: Using default channel type
[20:45:00] [Server thread/WARN]: **** FAILED TO BIND TO PORT!
[20:45:00] [Server thread/WARN]: The exception was: java.net.BindException: Cannot assign requested address: bind
[20:45:00] [Server thread/WARN]: Perhaps a server is already running on that port?
[20:45:00] [Server thread/INFO]: Stopping server
